<?xml version="1.0" encoding="UTF-8"?>
<!-- Generated by org.testng.reporters.JUnitReportReporter -->
<testsuite skipped="0" hostname="DESKTOP-CNS8684" name="Trump.LaunchBrowser" tests="3" failures="0" timestamp="1 Nov 2016 00:19:36 GMT" time="1.875" errors="0">
  <testcase name="Usernamepassword" time="0.297" classname="Trump.LaunchBrowser"/>
  <testcase name="Testingtitle" time="0.015" classname="Trump.LaunchBrowser"/>
  <testcase name="Dob" time="1.563" classname="Trump.LaunchBrowser"/>
</testsuite> <!-- Trump.LaunchBrowser -->
